2025-07-19 12:40:43 Loading main app package /tmp/.mount_ObsidiR6o07T/resources/obsidian.asar
2025-07-19 12:40:43 Checking for update using Github
2025-07-19 12:40:44 Success.
2025-07-19 12:40:44 Latest version is 1.8.10
2025-07-19 12:40:44 Downloading update from https://github.com/obsidianmd/obsidian-releases/releases/download/v1.8.10/obsidian-1.8.10.asar.gz
2025-07-19 12:40:44 Verifying hash & signature. Size= 8128788
2025-07-19 12:40:44 Saving file
2025-07-19 12:40:44 Update complete.
2025-07-19 13:40:43 Checking for update using Github
2025-07-19 13:40:43 Success.
2025-07-19 13:40:43 Latest version is 1.8.10
2025-07-19 13:40:43 An update is already downloaded.
2025-07-19 14:40:43 Checking for update using Github
2025-07-19 14:44:43 Failed to check for update using Github (net::ERR_TIMED_OUT)
2025-07-19 14:44:43 Checking for update using obsidian.md
2025-07-19 14:46:44 Failed to check for update using obsidian.md (net::ERR_NAME_NOT_RESOLVED)
2025-07-19 15:40:44 Checking for update using Github
2025-07-19 15:44:40 Failed to check for update using Github (net::ERR_NAME_NOT_RESOLVED)
2025-07-19 15:44:40 Checking for update using obsidian.md
2025-07-19 15:44:40 Failed to check for update using obsidian.md (net::ERR_NAME_NOT_RESOLVED)
2025-07-19 16:40:44 Checking for update using Github
2025-07-19 16:40:44 Success.
2025-07-19 16:40:44 Latest version is 1.8.10
2025-07-19 16:40:44 An update is already downloaded.
2025-07-19 17:40:44 Checking for update using Github
2025-07-19 17:40:44 Success.
2025-07-19 17:40:44 Latest version is 1.8.10
2025-07-19 17:40:44 An update is already downloaded.
2025-07-19 18:40:44 Checking for update using Github
2025-07-19 18:40:44 Success.
2025-07-19 18:40:44 Latest version is 1.8.10
2025-07-19 18:40:44 An update is already downloaded.
2025-07-19 19:40:44 Checking for update using Github
2025-07-19 19:40:44 Success.
2025-07-19 19:40:44 Latest version is 1.8.10
2025-07-19 19:40:44 An update is already downloaded.
2025-07-19 20:40:44 Checking for update using Github
2025-07-19 20:40:44 Success.
2025-07-19 20:40:44 Latest version is 1.8.10
2025-07-19 20:40:44 An update is already downloaded.
2025-07-19 21:40:44 Checking for update using Github
2025-07-19 21:40:44 Success.
2025-07-19 21:40:44 Latest version is 1.8.10
2025-07-19 21:40:44 An update is already downloaded.
2025-07-19 22:40:44 Checking for update using Github
2025-07-19 22:40:44 Success.
2025-07-19 22:40:44 Latest version is 1.8.10
2025-07-19 22:40:44 An update is already downloaded.
2025-07-19 23:40:44 Checking for update using Github
2025-07-19 23:40:44 Success.
2025-07-19 23:40:44 Latest version is 1.8.10
2025-07-19 23:40:44 An update is already downloaded.
2025-07-20 00:40:44 Checking for update using Github
2025-07-20 00:40:44 Success.
2025-07-20 00:40:44 Latest version is 1.8.10
2025-07-20 00:40:44 An update is already downloaded.
2025-07-20 01:40:44 Checking for update using Github
2025-07-20 01:40:45 Success.
2025-07-20 01:40:45 Latest version is 1.8.10
2025-07-20 01:40:45 An update is already downloaded.
2025-07-20 02:40:45 Checking for update using Github
2025-07-20 02:40:45 Success.
2025-07-20 02:40:45 Latest version is 1.8.10
2025-07-20 02:40:45 An update is already downloaded.
2025-07-20 03:40:45 Checking for update using Github
2025-07-20 03:40:45 Success.
2025-07-20 03:40:45 Latest version is 1.8.10
2025-07-20 03:40:45 An update is already downloaded.
2025-07-20 04:40:45 Checking for update using Github
2025-07-20 04:40:45 Success.
2025-07-20 04:40:45 Latest version is 1.8.10
2025-07-20 04:40:45 An update is already downloaded.
2025-07-20 05:40:45 Checking for update using Github
2025-07-20 05:40:45 Success.
2025-07-20 05:40:45 Latest version is 1.8.10
2025-07-20 05:40:45 An update is already downloaded.
2025-07-20 06:40:45 Checking for update using Github
2025-07-20 06:40:45 Success.
2025-07-20 06:40:45 Latest version is 1.8.10
2025-07-20 06:40:45 An update is already downloaded.
2025-07-20 07:40:45 Checking for update using Github
2025-07-20 07:40:45 Success.
2025-07-20 07:40:45 Latest version is 1.8.10
2025-07-20 07:40:45 An update is already downloaded.
2025-07-20 08:40:45 Checking for update using Github
2025-07-20 08:40:45 Success.
2025-07-20 08:40:45 Latest version is 1.8.10
2025-07-20 08:40:45 An update is already downloaded.
2025-07-20 09:40:45 Checking for update using Github
2025-07-20 09:40:45 Success.
2025-07-20 09:40:45 Latest version is 1.8.10
2025-07-20 09:40:45 An update is already downloaded.
2025-07-20 10:40:45 Checking for update using Github
2025-07-20 10:40:45 Success.
2025-07-20 10:40:45 Latest version is 1.8.10
2025-07-20 10:40:45 An update is already downloaded.
2025-07-20 11:40:45 Checking for update using Github
2025-07-20 11:40:45 Success.
2025-07-20 11:40:45 Latest version is 1.8.10
2025-07-20 11:40:45 An update is already downloaded.
2025-07-20 12:40:45 Checking for update using Github
2025-07-20 12:40:45 Success.
2025-07-20 12:40:45 Latest version is 1.8.10
2025-07-20 12:40:45 An update is already downloaded.
2025-07-20 13:40:45 Checking for update using Github
2025-07-20 13:40:45 Success.
2025-07-20 13:40:45 Latest version is 1.8.10
2025-07-20 13:40:45 An update is already downloaded.
2025-07-20 14:40:45 Checking for update using Github
2025-07-20 14:40:45 Success.
2025-07-20 14:40:45 Latest version is 1.8.10
2025-07-20 14:40:45 An update is already downloaded.
2025-07-20 15:40:45 Checking for update using Github
2025-07-20 15:40:46 Success.
2025-07-20 15:40:46 Latest version is 1.8.10
2025-07-20 15:40:46 An update is already downloaded.
2025-07-20 16:40:46 Checking for update using Github
2025-07-20 16:40:46 Success.
2025-07-20 16:40:46 Latest version is 1.8.10
2025-07-20 16:40:46 An update is already downloaded.
2025-07-20 17:40:46 Checking for update using Github
2025-07-20 17:40:46 Success.
2025-07-20 17:40:46 Latest version is 1.8.10
2025-07-20 17:40:46 An update is already downloaded.
2025-07-20 18:40:46 Checking for update using Github
2025-07-20 18:40:46 Success.
2025-07-20 18:40:46 Latest version is 1.8.10
2025-07-20 18:40:46 An update is already downloaded.
2025-07-20 19:40:46 Checking for update using Github
2025-07-20 19:40:46 Success.
2025-07-20 19:40:46 Latest version is 1.8.10
2025-07-20 19:40:46 An update is already downloaded.
2025-07-20 20:40:46 Checking for update using Github
2025-07-20 20:40:46 Success.
2025-07-20 20:40:46 Latest version is 1.8.10
2025-07-20 20:40:46 An update is already downloaded.
2025-07-20 21:40:46 Checking for update using Github
2025-07-20 21:40:46 Success.
2025-07-20 21:40:46 Latest version is 1.8.10
2025-07-20 21:40:46 An update is already downloaded.
2025-07-20 22:40:46 Checking for update using Github
2025-07-20 22:40:46 Success.
2025-07-20 22:40:46 Latest version is 1.8.10
2025-07-20 22:40:46 An update is already downloaded.
2025-07-20 23:40:46 Checking for update using Github
2025-07-20 23:40:46 Success.
2025-07-20 23:40:46 Latest version is 1.8.10
2025-07-20 23:40:46 An update is already downloaded.
2025-07-21 00:40:46 Checking for update using Github
2025-07-21 00:40:46 Success.
2025-07-21 00:40:46 Latest version is 1.8.10
2025-07-21 00:40:46 An update is already downloaded.
2025-07-21 01:40:46 Checking for update using Github
2025-07-21 01:40:46 Success.
2025-07-21 01:40:46 Latest version is 1.8.10
2025-07-21 01:40:46 An update is already downloaded.
2025-07-21 02:40:46 Checking for update using Github
2025-07-21 02:40:46 Success.
2025-07-21 02:40:46 Latest version is 1.8.10
2025-07-21 02:40:46 An update is already downloaded.
2025-07-21 03:40:46 Checking for update using Github
2025-07-21 03:40:46 Success.
2025-07-21 03:40:46 Latest version is 1.8.10
2025-07-21 03:40:46 An update is already downloaded.
2025-07-21 04:40:46 Checking for update using Github
2025-07-21 04:40:46 Success.
2025-07-21 04:40:46 Latest version is 1.8.10
2025-07-21 04:40:46 An update is already downloaded.
2025-07-21 05:40:46 Checking for update using Github
2025-07-21 05:40:46 Success.
2025-07-21 05:40:46 Latest version is 1.8.10
2025-07-21 05:40:46 An update is already downloaded.
2025-07-21 06:40:46 Checking for update using Github
2025-07-21 06:40:47 Success.
2025-07-21 06:40:47 Latest version is 1.8.10
2025-07-21 06:40:47 An update is already downloaded.
2025-07-21 07:40:47 Checking for update using Github
2025-07-21 07:40:47 Success.
2025-07-21 07:40:47 Latest version is 1.8.10
2025-07-21 07:40:47 An update is already downloaded.
2025-07-21 08:40:47 Checking for update using Github
2025-07-21 08:40:47 Success.
2025-07-21 08:40:47 Latest version is 1.8.10
2025-07-21 08:40:47 An update is already downloaded.
2025-07-21 09:40:47 Checking for update using Github
2025-07-21 09:40:47 Success.
2025-07-21 09:40:47 Latest version is 1.8.10
2025-07-21 09:40:47 An update is already downloaded.
2025-07-21 10:40:47 Checking for update using Github
2025-07-21 10:40:47 Success.
2025-07-21 10:40:47 Latest version is 1.8.10
2025-07-21 10:40:47 An update is already downloaded.
2025-07-21 11:40:47 Checking for update using Github
2025-07-21 11:40:47 Success.
2025-07-21 11:40:47 Latest version is 1.8.10
2025-07-21 11:40:47 An update is already downloaded.
2025-07-21 12:40:47 Checking for update using Github
2025-07-21 12:40:47 Success.
2025-07-21 12:40:47 Latest version is 1.8.10
2025-07-21 12:40:47 An update is already downloaded.
2025-07-21 13:40:47 Checking for update using Github
2025-07-21 13:40:47 Success.
2025-07-21 13:40:47 Latest version is 1.8.10
2025-07-21 13:40:47 An update is already downloaded.
